<?xml version="1.0" encoding="UTF-8"?>
<testng-results skipped="0" failed="1" ignored="0" total="5" passed="4">
  <reporter-output>
  </reporter-output>
  <suite name="Suite" duration-ms="101862" started-at="2021-01-08T15:47:26Z" finished-at="2021-01-08T15:49:08Z">
    <groups>
    </groups>
    <test name="Test" duration-ms="101862" started-at="2021-01-08T15:47:26Z" finished-at="2021-01-08T15:49:08Z">
      <class name="POM.LoginTest">
        <test-method status="PASS" signature="setup()[pri:0, instance:POM.LoginTest@40620d8e]" name="setup" is-config="true" duration-ms="14638" started-at="2021-01-08T15:47:26Z" finished-at="2021-01-08T15:47:41Z">
          <reporter-output>
          </reporter-output>
        </test-method> <!-- setup -->
        <test-method status="PASS" signature="loginPagetitleTest()[pri:1, instance:POM.LoginTest@40620d8e]" name="loginPagetitleTest" duration-ms="363" started-at="2021-01-08T15:47:42Z" finished-at="2021-01-08T15:47:42Z">
          <reporter-output>
          </reporter-output>
        </test-method> <!-- loginPagetitleTest -->
        <test-method status="PASS" signature="tearDown()[pri:0, instance:POM.LoginTest@40620d8e]" name="tearDown" is-config="true" duration-ms="1290" started-at="2021-01-08T15:47:49Z" finished-at="2021-01-08T15:47:51Z">
          <reporter-output>
          </reporter-output>
        </test-method> <!-- tearDown -->
        <test-method status="PASS" signature="setup()[pri:0, instance:POM.LoginTest@40620d8e]" name="setup" is-config="true" duration-ms="11330" started-at="2021-01-08T15:48:11Z" finished-at="2021-01-08T15:48:23Z">
          <reporter-output>
          </reporter-output>
        </test-method> <!-- setup -->
        <test-method status="PASS" signature="logovalidation()[pri:2, instance:POM.LoginTest@40620d8e]" name="logovalidation" duration-ms="392" started-at="2021-01-08T15:48:23Z" description="Test NG Decription This test case for Logo validation." finished-at="2021-01-08T15:48:23Z">
          <reporter-output>
          </reporter-output>
        </test-method> <!-- logovalidation -->
        <test-method status="PASS" signature="tearDown()[pri:0, instance:POM.LoginTest@40620d8e]" name="tearDown" is-config="true" duration-ms="1244" started-at="2021-01-08T15:48:27Z" finished-at="2021-01-08T15:48:29Z">
          <reporter-output>
          </reporter-output>
        </test-method> <!-- tearDown -->
        <test-method status="PASS" signature="setup()[pri:0, instance:POM.LoginTest@40620d8e]" name="setup" is-config="true" duration-ms="10413" started-at="2021-01-08T15:48:49Z" finished-at="2021-01-08T15:49:00Z">
          <reporter-output>
          </reporter-output>
        </test-method> <!-- setup -->
        <test-method status="PASS" signature="login()[pri:3, instance:POM.LoginTest@40620d8e]" name="login" duration-ms="5591" started-at="2021-01-08T15:49:00Z" description="Test NG Decription This test for login." finished-at="2021-01-08T15:49:05Z">
          <reporter-output>
          </reporter-output>
        </test-method> <!-- login -->
        <test-method status="PASS" signature="tearDown()[pri:0, instance:POM.LoginTest@40620d8e]" name="tearDown" is-config="true" duration-ms="1561" started-at="2021-01-08T15:49:06Z" finished-at="2021-01-08T15:49:08Z">
          <reporter-output>
          </reporter-output>
        </test-method> <!-- tearDown -->
      </class> <!-- POM.LoginTest -->
      <class name="POM.Homepagetest">
        <test-method status="PASS" signature="setup()[pri:0, instance:POM.Homepagetest@383f3558]" name="setup" is-config="true" duration-ms="17944" started-at="2021-01-08T15:47:51Z" finished-at="2021-01-08T15:48:09Z">
          <reporter-output>
          </reporter-output>
        </test-method> <!-- setup -->
        <test-method status="PASS" signature="verifyHomePageTitle()[pri:1, instance:POM.Homepagetest@383f3558]" name="verifyHomePageTitle" duration-ms="51" started-at="2021-01-08T15:48:09Z" description="Test NG Decription This test case is to verify Homepage Title." finished-at="2021-01-08T15:48:09Z">
          <reporter-output>
          </reporter-output>
        </test-method> <!-- verifyHomePageTitle -->
        <test-method status="PASS" signature="tearDown()[pri:0, instance:POM.Homepagetest@383f3558]" name="tearDown" is-config="true" duration-ms="1642" started-at="2021-01-08T15:48:10Z" finished-at="2021-01-08T15:48:11Z">
          <reporter-output>
          </reporter-output>
        </test-method> <!-- tearDown -->
        <test-method status="PASS" signature="setup()[pri:0, instance:POM.Homepagetest@383f3558]" name="setup" is-config="true" duration-ms="18333" started-at="2021-01-08T15:48:29Z" finished-at="2021-01-08T15:48:47Z">
          <reporter-output>
          </reporter-output>
        </test-method> <!-- setup -->
        <test-method status="FAIL" signature="loggeduserValidation()[pri:2, instance:POM.Homepagetest@383f3558]" name="loggeduserValidation" duration-ms="271" started-at="2021-01-08T15:48:47Z" description="Test NG Decription Logged user validation." finished-at="2021-01-08T15:48:47Z">
          <exception class="java.lang.AssertionError">
            <message>
              <![CDATA[expected [  User: Learnfirst Learnlast] but found [  User: XLearnfirst Learnlast]]]>
            </message>
            <full-stacktrace>
              <![CDATA[java.lang.AssertionError: expected [  User: Learnfirst Learnlast] but found [  User: XLearnfirst Learnlast]
at org.testng.Assert.fail(Assert.java:96)
at org.testng.Assert.failNotEquals(Assert.java:776)
at org.testng.Assert.assertEqualsImpl(Assert.java:137)
at org.testng.Assert.assertEquals(Assert.java:118)
at org.testng.Assert.assertEquals(Assert.java:453)
at org.testng.Assert.assertEquals(Assert.java:463)
at POM.Homepagetest.loggeduserValidation(Homepagetest.java:55)
at sun.reflect.NativeMethodAccessorImpl.invoke0(Native Method)
at sun.reflect.NativeMethodAccessorImpl.invoke(NativeMethodAccessorImpl.java:62)
at sun.reflect.DelegatingMethodAccessorImpl.invoke(DelegatingMethodAccessorImpl.java:43)
at java.lang.reflect.Method.invoke(Method.java:498)
at org.testng.internal.MethodInvocationHelper.invokeMethod(MethodInvocationHelper.java:124)
at org.testng.internal.Invoker.invokeMethod(Invoker.java:583)
at org.testng.internal.Invoker.invokeTestMethod(Invoker.java:719)
at org.testng.internal.Invoker.invokeTestMethods(Invoker.java:989)
at org.testng.internal.TestMethodWorker.invokeTestMethods(TestMethodWorker.java:125)
at org.testng.internal.TestMethodWorker.run(TestMethodWorker.java:109)
at org.testng.TestRunner.privateRun(TestRunner.java:648)
at org.testng.TestRunner.run(TestRunner.java:505)
at org.testng.SuiteRunner.runTest(SuiteRunner.java:455)
at org.testng.SuiteRunner.runSequentially(SuiteRunner.java:450)
at org.testng.SuiteRunner.privateRun(SuiteRunner.java:415)
at org.testng.SuiteRunner.run(SuiteRunner.java:364)
at org.testng.SuiteRunnerWorker.runSuite(SuiteRunnerWorker.java:52)
at org.testng.SuiteRunnerWorker.run(SuiteRunnerWorker.java:84)
at org.testng.TestNG.runSuitesSequentially(TestNG.java:1208)
at org.testng.TestNG.runSuitesLocally(TestNG.java:1137)
at org.testng.TestNG.runSuites(TestNG.java:1049)
at org.testng.TestNG.run(TestNG.java:1017)
at org.apache.maven.surefire.testng.TestNGExecutor.run(TestNGExecutor.java:283)
at org.apache.maven.surefire.testng.TestNGXmlTestSuite.execute(TestNGXmlTestSuite.java:75)
at org.apache.maven.surefire.testng.TestNGProvider.invoke(TestNGProvider.java:120)
at org.apache.maven.surefire.booter.ForkedBooter.invokeProviderInSameClassLoader(ForkedBooter.java:384)
at org.apache.maven.surefire.booter.ForkedBooter.runSuitesInProcess(ForkedBooter.java:345)
at org.apache.maven.surefire.booter.ForkedBooter.execute(ForkedBooter.java:126)
at org.apache.maven.surefire.booter.ForkedBooter.main(ForkedBooter.java:418)
]]>
            </full-stacktrace>
          </exception> <!-- java.lang.AssertionError -->
          <reporter-output>
          </reporter-output>
        </test-method> <!-- loggeduserValidation -->
        <test-method status="PASS" signature="tearDown()[pri:0, instance:POM.Homepagetest@383f3558]" name="tearDown" is-config="true" duration-ms="1004" started-at="2021-01-08T15:48:48Z" finished-at="2021-01-08T15:48:49Z">
          <reporter-output>
          </reporter-output>
        </test-method> <!-- tearDown -->
      </class> <!-- POM.Homepagetest -->
    </test> <!-- Test -->
  </suite> <!-- Suite -->
</testng-results>
